<?xml version="1.0" encoding="UTF-8"?><testsuite failures="0" name="cucumber.runtime.formatter.JUnitFormatter" skipped="0" tests="5" time="131.402904">
<testcase classname="Discount price" name="Discount check on Product List" time="19.694498">
<system-out><![CDATA[Given I am on page..........................................................passed
Then I see discount price in Product info container for: "Apple Cinema".....passed
And I see original price in Product info container for: "Apple Cinema"......passed
]]></system-out>
</testcase>
<testcase classname="Discount price" name="Discount check on Product Page" time="30.251749">
<system-out><![CDATA[Given I am on page..........................................................passed
When I click on: "Apple Cinema".............................................passed
Then I see discount price in info...........................................passed
And I see original price in info............................................passed
]]></system-out>
</testcase>
<testcase classname="Discount price" name="Discount check on Shopping Cart Page" time="46.268589">
<system-out><![CDATA[Given I am on page..........................................................passed
When I click on: "Apple Cinema".............................................passed
And I choose options for product............................................passed
And I add product to shopping cart..........................................passed
And I go to.................................................................passed
Then I see price with discount: "$147.20"...................................passed
]]></system-out>
</testcase>
<testcase classname="Discount price" name="Discount Calculation" time="17.214503">
<system-out><![CDATA[Given I am on page..........................................................passed
Then I see discount for "Apple Cinema" is correct: "$110.00"................passed
]]></system-out>
</testcase>
<testcase classname="Discount price" name="Discount Calculation 2" time="17.973565">
<system-out><![CDATA[Given I am on page..........................................................passed
Then I see discount for "Canon EOS 5D" is correct: "$98.00".................passed
]]></system-out>
</testcase>
</testsuite>
